#
# A fatal error has been detected by the Java Runtime Environment:
#
#  SIGSEGV (0xb) at pc=0x000000010e42b2da, pid=55444, tid=0x000000000000a603
#
# JRE version: Java(TM) SE Runtime Environment (8.0_92-b14) (build 1.8.0_92-b14)
# Java VM: Java HotSpot(TM) 64-Bit Server VM (25.92-b14 mixed mode bsd-amd64 compressed oops)
# Problematic frame:
# j  xyz.ekkor.Content.<init>(Ljava/util/Map;)V+56
#
# Failed to write core dump. Core dumps have been disabled. To enable core dumping, try "ulimit -c unlimited" before starting Java again
#
# If you would like to submit a bug report, please visit:
#   http://bugreport.java.com/bugreport/crash.jsp
#

---------------  T H R E A D  ---------------

Current thread (0x00007fe9552f6000):  JavaThread "http-nio-8080-exec-8" daemon [_thread_in_Java, id=42499, stack(0x00007000035fe000,0x00007000036fe000)]

siginfo: si_signo: 11 (SIGSEGV), si_code: 1 (SEGV_MAPERR), si_addr: 0x0000000100001fa0

Registers:
RAX=0x0000000106ae9b00, RBX=0x000000010db59568, RCX=0x0000000100001fa0, RDX=0x000000010e411ffd
RSP=0x00007000036f4980, RBP=0x00007000036f49d0, RSI=0x0000000000000007, RDI=0x00007fe9552f6000
R8 =0x00007000036f4358, R9 =0x0000000000000000, R10=0x0000000106aea580, R11=0x000000010e522480
R12=0x0000000000000000, R13=0x000000010db59228, R14=0x00007000036f49f0, R15=0x00007fe9552f6000
RIP=0x000000010e42b2da, EFLAGS=0x0000000000010206, ERR=0x0000000000000004
  TRAPNO=0x000000000000000e

Top of Stack: (sp=0x00007000036f4980)
0x00007000036f4980:   000000010e411ffd 0000000100001fa0
0x00007000036f4990:   00007000036f4990 000000010db59228
0x00007000036f49a0:   00007000036f49f0 000000011dd2f828
0x00007000036f49b0:   0000000000000000 000000010db59280
0x00007000036f49c0:   0000000000000000 00007000036f49e8
0x00007000036f49d0:   00007000036f4a50 000000010e40a4e7
0x00007000036f49e0:   00000007b97a44f0 00000007b8527188
0x00007000036f49f0:   0000000100001fa0 000000000000000c
0x00007000036f4a00:   00007fe9552f6000 0000000000000001
0x00007000036f4a10:   000000010e40a45f 000000010db59280
0x00007000036f4a20:   00007000036f4ae8 00007000036f4e40
0x00007000036f4a30:   000000010000000c 000000010db59280
0x00007000036f4a40:   000000010e41c9c0 00007000036f4e50
0x00007000036f4a50:   00007000036f4c00 00000001064ecc9a
0x00007000036f4a60:   0000000700000001 00007fe9552f6000
0x00007000036f4a70:   00007000036f4bb0 00007000036f4e40
0x00007000036f4a80:   00007fe9559730b0 000000010e41c9c0
0x00007000036f4a90:   0100000e92337130 00007000036f4e48
0x00007000036f4aa0:   00007000036f4e38 00007fe9552f6000
0x00007000036f4ab0:   00007fe9552f6000 00007fe95596ff40
0x00007000036f4ac0:   00007fe955973050 00007fe9559730c8
0x00007000036f4ad0:   00007fe955973138 00000000000000d8
0x00007000036f4ae0:   00007000036f5ac0 00007fe9552f6000
0x00007000036f4af0:   00007fe954c54310 000000010db59280
0x00007000036f4b00:   00000007b8527188 00007000036f50c0
0x00007000036f4b10:   000000010ea6aeb7 0000000000000000
0x00007000036f4b20:   00007000036f4e38 0000000120598560
0x00007000036f4b30:   0000000000000000 000000010db59280
0x00007000036f4b40:   00007fe9552f6000 000000010e4117d0
0x00007000036f4b50:   000000010e4117d0 0000000794a093d0
0x00007000036f4b60:   00000000000002b8 000000010db59280
0x00007000036f4b70:   00007fe9552f6000 0000000120587119 

Instructions: (pc=0x000000010e42b2da)
0x000000010e42b2ba:   28 8b ca 81 e1 ff 00 00 00 48 8b 4c cc f8 c1 ea
0x000000010e42b2ca:   1c 49 ba 80 a5 ae 06 01 00 00 00 49 8b 14 d2 52
0x000000010e42b2da:   48 3b 01 48 8b 45 e0 48 85 c0 0f 84 12 00 00 00
0x000000010e42b2ea:   48 83 40 08 01 48 83 58 08 00 48 83 c0 10 48 89 

Register to memory mapping:

RAX=0x0000000106ae9b00: _ZN20SafepointSynchronize6_stateE+0 in /Library/Java/JavaVirtualMachines/jdk1.8.0_92.jdk/Contents/Home/jre/lib/server/libjvm.dylib at 0x0000000106200000
RBX={method} {0x000000010db59568} '<init>' '()V' in 'xyz/ekkor/Content'
RCX=0x0000000100001fa0 is an unknown value
RDX=0x000000010e411ffd is at code_begin+2301 in an Interpreter codelet
invoke return entry points  [0x000000010e411700, 0x000000010e4120e0]  2528 bytes
RSP=0x00007000036f4980 is pointing into the stack for thread: 0x00007fe9552f6000
RBP=0x00007000036f49d0 is pointing into the stack for thread: 0x00007fe9552f6000
RSI=0x0000000000000007 is an unknown value
RDI=0x00007fe9552f6000 is a thread
R8 =0x00007000036f4358 is pointing into the stack for thread: 0x00007fe9552f6000
R9 =0x0000000000000000 is an unknown value
R10=0x0000000106aea580: _ZN19TemplateInterpreter20_invoke_return_entryE+0 in /Library/Java/JavaVirtualMachines/jdk1.8.0_92.jdk/Contents/Home/jre/lib/server/libjvm.dylib at 0x0000000106200000
R11=0x000000010e522480 is at entry_point+32 in (nmethod*)0x000000010e522310
R12=0x0000000000000000 is an unknown value
R13=0x000000010db59228 is pointing into metadata
R14=0x00007000036f49f0 is pointing into the stack for thread: 0x00007fe9552f6000
R15=0x00007fe9552f6000 is a thread


Stack: [0x00007000035fe000,0x00007000036fe000],  sp=0x00007000036f4980,  free space=986k
Native frames: (J=compiled Java code, j=interpreted, Vv=VM code, C=native code)
j  xyz.ekkor.Content.<init>(Ljava/util/Map;)V+56
v  ~StubRoutines::call_stub
V  [libjvm.dylib+0x2ecc9a]  JavaCalls::call_helper(JavaValue*, methodHandle*, JavaCallArguments*, Thread*)+0x6ae
V  [libjvm.dylib+0x4cdb7c]  Reflection::invoke(instanceKlassHandle, methodHandle, Handle, bool, objArrayHandle, BasicType, objArrayHandle, bool, Thread*)+0xe12
V  [libjvm.dylib+0x4ce0b0]  Reflection::invoke_method(oopDesc*, Handle, objArrayHandle, Thread*)+0x16c
V  [libjvm.dylib+0x345118]  JVM_InvokeMethod+0x166
J 2356  sun.reflect.NativeMethodAccessorImpl.invoke0(Ljava/lang/reflect/Method;Ljava/lang/Object;[Ljava/lang/Object;)Ljava/lang/Object; (0 bytes) @ 0x000000010ea6af2d [0x000000010ea6ae40+0xed]
J 1878 C1 sun.reflect.NativeMethodAccessorImpl.invoke(Ljava/lang/Object;[Ljava/lang/Object;)Ljava/lang/Object; (104 bytes) @ 0x000000010e967ccc [0x000000010e967920+0x3ac]
J 793 C1 sun.reflect.DelegatingMethodAccessorImpl.invoke(Ljava/lang/Object;[Ljava/lang/Object;)Ljava/lang/Object; (10 bytes) @ 0x000000010e7a5644 [0x000000010e7a5600+0x44]
J 792 C1 java.lang.reflect.Method.invoke(Ljava/lang/Object;[Ljava/lang/Object;)Ljava/lang/Object; (62 bytes) @ 0x000000010e7a5224 [0x000000010e7a5120+0x104]
J 1876 C1 org.springsource.loaded.ri.ReflectiveInterceptor.jlrMethodInvoke(Ljava/lang/reflect/Method;Ljava/lang/Object;[Ljava/lang/Object;)Ljava/lang/Object; (2214 bytes) @ 0x000000010e95a524 [0x000000010e958ce0+0x1844]
J 3937 C1 org.codehaus.groovy.reflection.CachedMethod.invoke(Ljava/lang/Object;[Ljava/lang/Object;)Ljava/lang/Object; (70 bytes) @ 0x000000010ed9afbc [0x000000010ed9af80+0x3c]
J 2341 C1 groovy.lang.MetaMethod.doMethodInvoke(Ljava/lang/Object;[Ljava/lang/Object;)Ljava/lang/Object; (22 bytes) @ 0x000000010ea66cd4 [0x000000010ea66c60+0x74]
J 3910 C1 groovy.lang.MetaClassImpl.getProperty(Ljava/lang/Class;Ljava/lang/Object;Ljava/lang/String;ZZ)Ljava/lang/Object; (396 bytes) @ 0x000000010ed87404 [0x000000010ed866e0+0xd24]
J 9405 C1 groovy.lang.ExpandoMetaClass.getProperty(Ljava/lang/Class;Ljava/lang/Object;Ljava/lang/String;ZZ)Ljava/lang/Object; (71 bytes) @ 0x000000010f823664 [0x000000010f8234e0+0x184]
J 9413 C1 groovy.lang.ExpandoMetaClass.getProperty(Ljava/lang/Object;Ljava/lang/String;)Ljava/lang/Object; (43 bytes) @ 0x000000010f826614 [0x000000010f826500+0x114]
J 9943 C1 org.codehaus.groovy.runtime.callsite.PogoMetaClassGetPropertySite.getProperty(Ljava/lang/Object;)Ljava/lang/Object; (21 bytes) @ 0x000000010f95d44c [0x000000010f95d400+0x4c]
J 3921 C1 org.codehaus.groovy.runtime.callsite.AbstractCallSite.callGetProperty(Ljava/lang/Object;)Ljava/lang/Object; (12 bytes) @ 0x000000010ed8e724 [0x000000010ed8e6c0+0x64]
J 8610 C1 org.codehaus.groovy.runtime.callsite.AbstractCallSite.callGetPropertySafe(Ljava/lang/Object;)Ljava/lang/Object; (12 bytes) @ 0x000000010f68571c [0x000000010f6856c0+0x5c]
j  Users_eunsebi_IdeaProjects_xyz_ekkor_grails_app_views_article_show_gsp$_run_closure1$_closure26.doCall(Ljava/lang/Object;)Ljava/lang/Object;+43
v  ~StubRoutines::call_stub
V  [libjvm.dylib+0x2ecc9a]  JavaCalls::call_helper(JavaValue*, methodHandle*, JavaCallArguments*, Thread*)+0x6ae
V  [libjvm.dylib+0x4cdb7c]  Reflection::invoke(instanceKlassHandle, methodHandle, Handle, bool, objArrayHandle, BasicType, objArrayHandle, bool, Thread*)+0xe12
V  [libjvm.dylib+0x4ce0b0]  Reflection::invoke_method(oopDesc*, Handle, objArrayHandle, Thread*)+0x16c
V  [libjvm.dylib+0x345118]  JVM_InvokeMethod+0x166
J 2356  sun.reflect.NativeMethodAccessorImpl.invoke0(Ljava/lang/reflect/Method;Ljava/lang/Object;[Ljava/lang/Object;)Ljava/lang/Object; (0 bytes) @ 0x000000010ea6af2d [0x000000010ea6ae40+0xed]
J 1878 C1 sun.reflect.NativeMethodAccessorImpl.invoke(Ljava/lang/Object;[Ljava/lang/Object;)Ljava/lang/Object; (104 bytes) @ 0x000000010e967ccc [0x000000010e967920+0x3ac]
J 793 C1 sun.reflect.DelegatingMethodAccessorImpl.invoke(Ljava/lang/Object;[Ljava/lang/Object;)Ljava/lang/Object; (10 bytes) @ 0x000000010e7a5644 [0x000000010e7a5600+0x44]
J 792 C1 java.lang.reflect.Method.invoke(Ljava/lang/Object;[Ljava/lang/Object;)Ljava/lang/Object; (62 bytes) @ 0x000000010e7a5224 [0x000000010e7a5120+0x104]
J 1876 C1 org.springsource.loaded.ri.ReflectiveInterceptor.jlrMethodInvoke(Ljava/lang/reflect/Method;Ljava/lang/Object;[Ljava/lang/Object;)Ljava/lang/Object; (2214 bytes) @ 0x000000010e95a644 [0x000000010e958ce0+0x1964]
J 3937 C1 org.codehaus.groovy.reflection.CachedMethod.invoke(Ljava/lang/Object;[Ljava/lang/Object;)Ljava/lang/Object; (70 bytes) @ 0x000000010ed9afbc [0x000000010ed9af80+0x3c]
J 2341 C1 groovy.lang.MetaMethod.doMethodInvoke(Ljava/lang/Object;[Ljava/lang/Object;)Ljava/lang/Object; (22 bytes) @ 0x000000010ea66cd4 [0x000000010ea66c60+0x74]
J 3922 C1 org.codehaus.groovy.runtime.metaclass.ClosureMetaClass.invokeMethod(Ljava/lang/Class;Ljava/lang/Object;Ljava/lang/String;[Ljava/lang/Object;ZZ)Ljava/lang/Object; (872 bytes) @ 0x000000010ed8ff1c [0x000000010ed8ed40+0x11dc]
J 1974 C1 groovy.lang.MetaClassImpl.invokeMethod(Ljava/lang/Object;Ljava/lang/String;[Ljava/lang/Object;)Ljava/lang/Object; (14 bytes) @ 0x000000010e98f624 [0x000000010e98f5c0+0x64]
J 4348 C1 groovy.lang.Closure.call([Ljava/lang/Object;)Ljava/lang/Object; (30 bytes) @ 0x000000010ee9a9fc [0x000000010ee9a980+0x7c]
J 7298 C1 groovy.lang.Closure.call(Ljava/lang/Object;)Ljava/lang/Object; (13 bytes) @ 0x000000010f3bf4b4 [0x000000010f3bf380+0x134]
J 9170 C1 org.grails.gsp.GroovyPage.evaluate(Ljava/lang/String;ILjava/lang/Object;Lgroovy/lang/Closure;)Ljava/lang/Object; (68 bytes) @ 0x000000010f7abfbc [0x000000010f7abf60+0x5c]
J 9402 C1 sun.reflect.GeneratedMethodAccessor206.invoke(Ljava/lang/Object;[Ljava/lang/Object;)Ljava/lang/Object; (163 bytes) @ 0x000000010f82007c [0x000000010f81fd60+0x31c]
J 793 C1 sun.reflect.DelegatingMethodAccessorImpl.invoke(Ljava/lang/Object;[Ljava/lang/Object;)Ljava/lang/Object; (10 bytes) @ 0x000000010e7a5644 [0x000000010e7a5600+0x44]
J 792 C1 java.lang.reflect.Method.invoke(Ljava/lang/Object;[Ljava/lang/Object;)Ljava/lang/Object; (62 bytes) @ 0x000000010e7a5224 [0x000000010e7a5120+0x104]
J 1876 C1 org.springsource.loaded.ri.ReflectiveInterceptor.jlrMethodInvoke(Ljava/lang/reflect/Method;Ljava/lang/Object;[Ljava/lang/Object;)Ljava/lang/Object; (2214 bytes) @ 0x000000010e95a644 [0x000000010e958ce0+0x1964]
J 3937 C1 org.codehaus.groovy.reflection.CachedMethod.invoke(Ljava/lang/Object;[Ljava/lang/Object;)Ljava/lang/Object; (70 bytes) @ 0x000000010ed9afbc [0x000000010ed9af80+0x3c]
J 2341 C1 groovy.lang.MetaMethod.doMethodInvoke(Ljava/lang/Object;[Ljava/lang/Object;)Ljava/lang/Object; (22 bytes) @ 0x000000010ea66cd4 [0x000000010ea66c60+0x74]
J 3922 C1 org.codehaus.groovy.runtime.metaclass.ClosureMetaClass.invokeMethod(Ljava/lang/Class;Ljava/lang/Object;Ljava/lang/String;[Ljava/lang/Object;ZZ)Ljava/lang/Object; (872 bytes) @ 0x000000010ed8fee4 [0x000000010ed8ed40+0x11a4]
J 1974 C1 groovy.lang.MetaClassImpl.invokeMethod(Ljava/lang/Object;Ljava/lang/String;[Ljava/lang/Object;)Ljava/lang/Object; (14 bytes) @ 0x000000010e98f624 [0x000000010e98f5c0+0x64]
J 8380 C1 org.codehaus.groovy.runtime.callsite.PogoMetaClassSite.callCurrent(Lgroovy/lang/GroovyObject;[Ljava/lang/Object;)Ljava/lang/Object; (92 bytes) @ 0x000000010f607094 [0x000000010f606f80+0x114]
J 9175 C1 org.codehaus.groovy.runtime.callsite.AbstractCallSite.callCurrent(Lgroovy/lang/GroovyObject;Ljava/lang/Object;Ljava/lang/Object;Ljava/lang/Object;Ljava/lang/Object;)Ljava/lang/Object; (50 bytes) @ 0x000000010f7b026c [0x000000010f7affa0+0x2cc]
j  Users_eunsebi_IdeaProjects_xyz_ekkor_grails_app_views_article_show_gsp$_run_closure1.doCall()Ljava/lang/Object;+1585
v  ~StubRoutines::call_stub
V  [libjvm.dylib+0x2ecc9a]  JavaCalls::call_helper(JavaValue*, methodHandle*, JavaCallArguments*, Thread*)+0x6ae
V  [libjvm.dylib+0x4cdb7c]  Reflection::invoke(instanceKlassHandle, methodHandle, Handle, bool, objArrayHandle, BasicType, objArrayHandle, bool, Thread*)+0xe12
V  [libjvm.dylib+0x4ce0b0]  Reflection::invoke_method(oopDesc*, Handle, objArrayHandle, Thread*)+0x16c
V  [libjvm.dylib+0x345118]  JVM_InvokeMethod+0x166
J 2356  sun.reflect.NativeMethodAccessorImpl.invoke0(Ljava/lang/reflect/Method;Ljava/lang/Object;[Ljava/lang/Object;)Ljava/lang/Object; (0 bytes) @ 0x000000010ea6af2d [0x000000010ea6ae40+0xed]
J 1878 C1 sun.reflect.NativeMethodAccessorImpl.invoke(Ljava/lang/Object;[Ljava/lang/Object;)Ljava/lang/Object; (104 bytes) @ 0x000000010e967ccc [0x000000010e967920+0x3ac]
J 793 C1 sun.reflect.DelegatingMethodAccessorImpl.invoke(Ljava/lang/Object;[Ljava/lang/Object;)Ljava/lang/Object; (10 bytes) @ 0x000000010e7a5644 [0x000000010e7a5600+0x44]
J 792 C1 java.lang.reflect.Method.invoke(Ljava/lang/Object;[Ljava/lang/Object;)Ljava/lang/Object; (62 bytes) @ 0x000000010e7a5224 [0x000000010e7a5120+0x104]
J 1876 C1 org.springsource.loaded.ri.ReflectiveInterceptor.jlrMethodInvoke(Ljava/lang/reflect/Method;Ljava/lang/Object;[Ljava/lang/Object;)Ljava/lang/Object; (2214 bytes) @ 0x000000010e95a644 [0x000000010e958ce0+0x1964]
J 3937 C1 org.codehaus.groovy.reflection.CachedMethod.invoke(Ljava/lang/Object;[Ljava/lang/Object;)Ljava/lang/Object; (70 bytes) @ 0x000000010ed9afbc [0x000000010ed9af80+0x3c]
J 2341 C1 groovy.lang.MetaMethod.doMethodInvoke(Ljava/lang/Object;[Ljava/lang/Object;)Ljava/lang/Object; (22 bytes) @ 0x000000010ea66cd4 [0x000000010ea66c60+0x74]
J 3922 C1 org.codehaus.groovy.runtime.metaclass.ClosureMetaClass.invokeMethod(Ljava/lang/Class;Ljava/lang/Object;Ljava/lang/String;[Ljava/lang/Object;ZZ)Ljava/lang/Object; (872 bytes) @ 0x000000010ed8ff1c [0x000000010ed8ed40+0x11dc]
J 1974 C1 groovy.lang.MetaClassImpl.invokeMethod(Ljava/lang/Object;Ljava/lang/String;[Ljava/lang/Object;)Ljava/lang/Object; (14 bytes) @ 0x000000010e98f624 [0x000000010e98f5c0+0x64]
J 4348 C1 groovy.lang.Closure.call([Ljava/lang/Object;)Ljava/lang/Object; (30 bytes) @ 0x000000010ee9a9fc [0x000000010ee9a980+0x7c]
J 9921 C1 groovy.lang.Closure.call()Ljava/lang/Object; (10 bytes) @ 0x000000010f951d4c [0x000000010f951d00+0x4c]
J 12076 C1 org.grails.taglib.TagBodyClosure.captureClosureOutput(Ljava/lang/Object;Z)Ljava/lang/Object; (214 bytes) @ 0x000000010fd551ac [0x000000010fd54b80+0x62c]
J 12075 C1 org.grails.taglib.TagBodyClosure.call()Ljava/lang/Object; (7 bytes) @ 0x000000010fd54584 [0x000000010fd54540+0x44]
J 12427 C1 org.grails.plugins.web.taglib.SitemeshTagLib.captureTagContent(Lorg/grails/buffer/GrailsPrintWriter;Ljava/lang/String;Ljava/util/Map;Ljava/lang/Object;Z)Ljava/lang/Object; (402 bytes) @ 0x000000010fdf77a4 [0x000000010fdf75c0+0x1e4]
j  org.grails.plugins.web.taglib.SitemeshTagLib.captureTagContent(Lorg/grails/buffer/GrailsPrintWriter;Ljava/lang/String;Ljava/util/Map;Ljava/lang/Object;)Ljava/lang/Object;+25
j  org.grails.plugins.web.taglib.SitemeshTagLib$_closure1.doCall(Ljava/util/Map;Ljava/lang/Object;)Ljava/lang/Object;+37
j  sun.reflect.GeneratedMethodAccessor411.invoke(Ljava/lang/Object;[Ljava/lang/Object;)Ljava/lang/Object;+48
J 793 C1 sun.reflect.DelegatingMethodAccessorImpl.invoke(Ljava/lang/Object;[Ljava/lang/Object;)Ljava/lang/Object; (10 bytes) @ 0x000000010e7a5644 [0x000000010e7a5600+0x44]
J 792 C1 java.lang.reflect.Method.invoke(Ljava/lang/Object;[Ljava/lang/Object;)Ljava/lang/Object; (62 bytes) @ 0x000000010e7a5224 [0x000000010e7a5120+0x104]
J 1876 C1 org.springsource.loaded.ri.ReflectiveInterceptor.jlrMethodInvoke(Ljava/lang/reflect/Method;Ljava/lang/Object;[Ljava/lang/Object;)Ljava/lang/Object; (2214 bytes) @ 0x000000010e95a644 [0x000000010e958ce0+0x1964]
J 3937 C1 org.codehaus.groovy.reflection.CachedMethod.invoke(Ljava/lang/Object;[Ljava/lang/Object;)Ljava/lang/Object; (70 bytes) @ 0x000000010ed9afbc [0x000000010ed9af80+0x3c]
J 2341 C1 groovy.lang.MetaMethod.doMethodInvoke(Ljava/lang/Object;[Ljava/lang/Object;)Ljava/lang/Object; (22 bytes) @ 0x000000010ea66cd4 [0x000000010ea66c60+0x74]
J 3922 C1 org.codehaus.groovy.runtime.metaclass.ClosureMetaClass.invokeMethod(Ljava/lang/Class;Ljava/lang/Object;Ljava/lang/String;[Ljava/lang/Object;ZZ)Ljava/lang/Object; (872 bytes) @ 0x000000010ed8ff1c [0x000000010ed8ed40+0x11dc]
J 1974 C1 groovy.lang.MetaClassImpl.invokeMethod(Ljava/lang/Object;Ljava/lang/String;[Ljava/lang/Object;)Ljava/lang/Object; (14 bytes) @ 0x000000010e98f624 [0x000000010e98f5c0+0x64]
J 4348 C1 groovy.lang.Closure.call([Ljava/lang/Object;)Ljava/lang/Object; (30 bytes) @ 0x000000010ee9a9fc [0x000000010ee9a980+0x7c]
J 10208 C1 org.grails.gsp.GroovyPage.invokeTagLibClosure(Ljava/lang/String;Ljava/lang/String;Lgroovy/lang/Closure;Ljava/util/Map;Lgroovy/lang/Closure;ZLjava/util/Map;)V (239 bytes) @ 0x000000010fa0428c [0x000000010fa03c20+0x66c]
J 9901 C1 org.grails.gsp.GroovyPage.invokeTag(Ljava/lang/String;Ljava/lang/String;ILjava/util/Map;I)V (791 bytes) @ 0x000000010f94254c [0x000000010f941b00+0xa4c]
J 11984 C1 org.grails.gsp.GroovyPage$invokeTag$4.callCurrent(Lgroovy/lang/GroovyObject;[Ljava/lang/Object;)Ljava/lang/Object; (59 bytes) @ 0x000000010fd2cc8c [0x000000010fd2ca00+0x28c]
j  Users_eunsebi_IdeaProjects_xyz_ekkor_grails_app_views_article_show_gsp.run()Ljava/lang/Object;+178
j  org.grails.gsp.GroovyPageWritable.doWriteTo(Lorg/grails/taglib/encoder/OutputContext;Ljava/io/Writer;)Ljava/io/Writer;+373
j  org.grails.gsp.GroovyPageWritable.writeTo(Ljava/io/Writer;)Ljava/io/Writer;+13
j  org.grails.web.servlet.view.GroovyPageView.renderTemplate(Ljava/util/Map;Lorg/grails/web/servlet/mvc/GrailsWebRequest;Ljavax/servlet/http/HttpServletRequest;Ljavax/servlet/http/HttpServletResponse;)V+64
j  org.grails.web.servlet.view.AbstractGrailsView.renderWithinGrailsWebRequest(Ljava/util/Map;Ljavax/servlet/http/HttpServletRequest;Ljavax/servlet/http/HttpServletResponse;)V+54
j  org.grails.web.servlet.view.AbstractGrailsView.renderMergedOutputModel(Ljava/util/Map;Ljavax/servlet/http/HttpServletRequest;Ljavax/servlet/http/HttpServletResponse;)V+10
j  org.springframework.web.servlet.view.AbstractView.render(Ljava/util/Map;Ljavax/servlet/http/HttpServletRequest;Ljavax/servlet/http/HttpServletResponse;)V+88
j  org.grails.web.sitemesh.GrailsLayoutView.renderInnerView(Ljava/util/Map;Lorg/grails/web/servlet/mvc/GrailsWebRequest;Ljavax/servlet/http/HttpServletRequest;Ljavax/servlet/http/HttpServletResponse;Lorg/grails/web/sitemesh/GrailsContentBufferingResponse;)V+30
j  org.grails.web.sitemesh.GrailsLayoutView.obtainContent(Ljava/util/Map;Lorg/grails/web/servlet/mvc/GrailsWebRequest;Ljavax/servlet/http/HttpServletRequest;Ljavax/servlet/http/HttpServletResponse;)Lcom/opensymphony/sitemesh/Content;+86
j  org.grails.web.sitemesh.GrailsLayoutView.renderTemplate(Ljava/util/Map;Lorg/grails/web/servlet/mvc/GrailsWebRequest;Ljavax/servlet/http/HttpServletRequest;Ljavax/servlet/http/HttpServletResponse;)V+47
j  org.grails.web.servlet.view.AbstractGrailsView.renderWithinGrailsWebRequest(Ljava/util/Map;Ljavax/servlet/http/HttpServletRequest;Ljavax/servlet/http/HttpServletResponse;)V+54
j  org.grails.web.servlet.view.AbstractGrailsView.renderMergedOutputModel(Ljava/util/Map;Ljavax/servlet/http/HttpServletRequest;Ljavax/servlet/http/HttpServletResponse;)V+10
j  org.springframework.web.servlet.view.AbstractView.render(Ljava/util/Map;Ljavax/servlet/http/HttpServletRequest;Ljavax/servlet/http/HttpServletResponse;)V+88
j  org.springframework.web.servlet.DispatcherServlet.render(Lorg/springframework/web/servlet/ModelAndView;Ljavax/servlet/http/HttpServletRequest;Ljavax/servlet/http/HttpServletResponse;)V+246
j  org.springframework.web.servlet.DispatcherServlet.processDispatchResult(Ljavax/servlet/http/HttpServletRequest;Ljavax/servlet/http/HttpServletResponse;Lorg/springframework/web/servlet/HandlerExecutionChain;Lorg/springframework/web/servlet/ModelAndView;Ljava/lang/Exception;)V+99
j  org.springframework.web.servlet.DispatcherServlet.doDispatch(Ljavax/servlet/http/HttpServletRequest;Ljavax/servlet/http/HttpServletResponse;)V+424
j  org.springframework.web.servlet.DispatcherServlet.doService(Ljavax/servlet/http/HttpServletRequest;Ljavax/servlet/http/HttpServletResponse;)V+307
j  org.springframework.web.servlet.FrameworkServlet.processRequest(Ljavax/servlet/http/HttpServletRequest;Ljavax/servlet/http/HttpServletResponse;)V+71
j  org.springframework.web.servlet.FrameworkServlet.doGet(Ljavax/servlet/http/HttpServletRequest;Ljavax/servlet/http/HttpServletResponse;)V+3
...<more frames>...


---------------  P R O C E S S  ---------------

Java Threads: ( => current thread )
  0x00007fe9552fc800 JavaThread "DestroyJavaVM" [_thread_blocked, id=6147, stack(0x0000700001b2d000,0x0000700001c2d000)]
  0x00007fe9552fc000 JavaThread "Thread-5" daemon [_thread_blocked, id=26371, stack(0x0000700003f19000,0x0000700004019000)]
  0x00007fe955308000 JavaThread "Thread-7" [_thread_blocked, id=40451, stack(0x0000700003e16000,0x0000700003f16000)]
  0x00007fe955303000 JavaThread "Thread-6" daemon [_thread_blocked, id=25603, stack(0x0000700003d13000,0x0000700003e13000)]
  0x00007fe9552fa000 JavaThread "http-nio-8080-AsyncTimeout" daemon [_thread_blocked, id=40707, stack(0x0000700003c10000,0x0000700003d10000)]
  0x00007fe953fd2000 JavaThread "http-nio-8080-Acceptor-0" daemon [_thread_in_native, id=40963, stack(0x0000700003b0d000,0x0000700003c0d000)]
  0x00007fe953fd1000 JavaThread "http-nio-8080-ClientPoller-1" daemon [_thread_in_native, id=41475, stack(0x0000700003a0a000,0x0000700003b0a000)]
  0x00007fe9552f9800 JavaThread "http-nio-8080-ClientPoller-0" daemon [_thread_in_native, id=24835, stack(0x0000700003907000,0x0000700003a07000)]
  0x00007fe953fce800 JavaThread "http-nio-8080-exec-10" daemon [_thread_blocked, id=24579, stack(0x0000700003804000,0x0000700003904000)]
  0x00007fe9552f6800 JavaThread "http-nio-8080-exec-9" daemon [_thread_blocked, id=24067, stack(0x0000700003701000,0x0000700003801000)]
=>0x00007fe9552f6000 JavaThread "http-nio-8080-exec-8" daemon [_thread_in_Java, id=42499, stack(0x00007000035fe000,0x00007000036fe000)]
  0x00007fe953fcd800 JavaThread "http-nio-8080-exec-7" daemon [_thread_blocked, id=23811, stack(0x00007000034fb000,0x00007000035fb000)]
  0x00007fe953fcd000 JavaThread "http-nio-8080-exec-6" daemon [_thread_blocked, id=23299, stack(0x00007000033f8000,0x00007000034f8000)]
  0x00007fe953fcc000 JavaThread "http-nio-8080-exec-5" daemon [_thread_blocked, id=22787, stack(0x00007000032f5000,0x00007000033f5000)]
  0x00007fe953fcb800 JavaThread "http-nio-8080-exec-4" daemon [_thread_blocked, id=22531, stack(0x00007000031f2000,0x00007000032f2000)]
  0x00007fe953734000 JavaThread "http-nio-8080-exec-3" daemon [_thread_blocked, id=43267, stack(0x00007000030ef000,0x00007000031ef000)]
  0x00007fe953fbd800 JavaThread "http-nio-8080-exec-2" daemon [_thread_blocked, id=21763, stack(0x0000700002fec000,0x00007000030ec000)]
  0x00007fe953fc8800 JavaThread "http-nio-8080-exec-1" daemon [_thread_blocked, id=16899, stack(0x0000700002ee9000,0x0000700002fe9000)]
  0x00007fe953632800 JavaThread "NioBlockingSelector.BlockPoller-1" daemon [_thread_in_native, id=16387, stack(0x0000700002de6000,0x0000700002ee6000)]
  0x00007fe953738000 JavaThread "container-0" [_thread_blocked, id=16131, stack(0x0000700002ce3000,0x0000700002de3000)]
  0x00007fe95529c000 JavaThread "ContainerBackgroundProcessor[StandardEngine[Tomcat]]" daemon [_thread_blocked, id=15619, stack(0x0000700002be0000,0x0000700002ce0000)]
  0x00007fe9543d6000 JavaThread "Abandoned connection cleanup thread" daemon [_thread_blocked, id=12299, stack(0x00007000028d7000,0x00007000029d7000)]
  0x00007fe953426000 JavaThread "FileSystemWatcher: files=#180 cl=sun.misc.Launcher$AppClassLoader@18b4aac2" daemon [_thread_blocked, id=17923, stack(0x00007000027d4000,0x00007000028d4000)]
  0x00007fe9530bc000 JavaThread "Service Thread" daemon [_thread_blocked, id=14083, stack(0x00007000025ce000,0x00007000026ce000)]
  0x00007fe953c36800 JavaThread "C1 CompilerThread2" daemon [_thread_blocked, id=13827, stack(0x00007000024cb000,0x00007000025cb000)]
  0x00007fe953c33000 JavaThread "C2 CompilerThread1" daemon [_thread_blocked, id=18691, stack(0x00007000023c8000,0x00007000024c8000)]
  0x00007fe953c32800 JavaThread "C2 CompilerThread0" daemon [_thread_blocked, id=13059, stack(0x00007000022c5000,0x00007000023c5000)]
  0x00007fe95382b800 JavaThread "Signal Dispatcher" daemon [_thread_blocked, id=12807, stack(0x00007000021c2000,0x00007000022c2000)]
  0x00007fe953828800 JavaThread "Finalizer" daemon [_thread_blocked, id=20995, stack(0x000070000203c000,0x000070000213c000)]
  0x00007fe953822000 JavaThread "Reference Handler" daemon [_thread_blocked, id=11011, stack(0x0000700001f39000,0x0000700002039000)]

Other Threads:
  0x00007fe95381d800 VMThread [stack: 0x0000700001e36000,0x0000700001f36000] [id=10755]
  0x00007fe953c2c000 WatcherThread [stack: 0x00007000026d1000,0x00007000027d1000] [id=14339]

VM state:not at safepoint (normal execution)

VM Mutex/Monitor currently owned by a thread: None

Heap:
 PSYoungGen      total 176128K, used 164279K [0x00000007b0000000, 0x00000007c0000000, 0x00000007c0000000)
  eden space 153600K, 92% used [0x00000007b0000000,0x00000007b8ae1068,0x00000007b9600000)
  from space 22528K, 97% used [0x00000007b9600000,0x00000007bab8ce90,0x00000007bac00000)
  to   space 54784K, 0% used [0x00000007bca80000,0x00000007bca80000,0x00000007c0000000)
 ParOldGen       total 524288K, used 193108K [0x0000000790000000, 0x00000007b0000000, 0x00000007b0000000)
  object space 524288K, 36% used [0x0000000790000000,0x000000079bc951c8,0x00000007b0000000)
 Metaspace       used 90762K, capacity 96798K, committed 96984K, reserved 1132544K
  class space    used 11451K, capacity 13016K, committed 13016K, reserved 1048576K

Card table byte_map: [0x0000000107557000,0x00000001076d8000] byte_map_base: 0x00000001038d7000

Marking Bits: (ParMarkBitMap*) 0x0000000106ae8bd0
 Begin Bits: [0x00000001077d8000, 0x00000001083d8000)
 End Bits:   [0x00000001083d8000, 0x0000000108fd8000)

Polling page: 0x0000000105cc3000

CodeCache: size=245760Kb used=29590Kb max_used=29590Kb free=216169Kb
 bounds [0x000000010e40a000, 0x000000011010a000, 0x000000011d40a000]
 total_blobs=14033 nmethods=13226 adapters=719
 compilation: enabled

Compilation events (10 events):
Event: 976.208 Thread 0x00007fe953c36800 13755       1       org.hibernate.loader.AbstractEntityJoinWalker::initAll (78 bytes)
Event: 976.424 Thread 0x00007fe953c36800 nmethod 13755 0x00000001100f6dd0 code [0x00000001100f6fc0, 0x00000001100f7678]
Event: 976.492 Thread 0x00007fe953c36800 13761       1       org.hibernate.loader.JoinWalker::mergeOuterJoins (88 bytes)
Event: 976.496 Thread 0x00007fe953c36800 nmethod 13761 0x00000001100f7cd0 code [0x00000001100f7ec0, 0x00000001100f82f8]
Event: 976.550 Thread 0x00007fe953c36800 13759       1       org.hibernate.loader.AbstractEntityJoinWalker::initStatementString (250 bytes)
Event: 976.746 Thread 0x00007fe953c36800 nmethod 13759 0x00000001100f8690 code [0x00000001100f8a40, 0x00000001100f9e48]
Event: 976.818 Thread 0x00007fe953c36800 13760       1       org.hibernate.loader.BasicLoader::generateSuffixes (6 bytes)
Event: 976.846 Thread 0x00007fe953c36800 nmethod 13760 0x00000001100fb790 code [0x00000001100fb900, 0x00000001100fba08]
Event: 976.858 Thread 0x00007fe953c36800 13757       1       org.hibernate.persister.entity.AbstractEntityPersister::getEntityType (8 bytes)
Event: 976.858 Thread 0x00007fe953c36800 nmethod 13757 0x00000001100fba90 code [0x00000001100fbbe0, 0x00000001100fbcf0]

GC Heap History (10 events):
Event: 556.101 GC heap before
{Heap before GC invocations=56 (full 3):
 PSYoungGen      total 205824K, used 188120K [0x00000007b0000000, 0x00000007c0000000, 0x00000007c0000000)
  eden space 148480K, 100% used [0x00000007b0000000,0x00000007b9100000,0x00000007b9100000)
  from space 57344K, 69% used [0x00000007bc800000,0x00000007beeb61b8,0x00000007c0000000)
  to   space 56320K, 0% used [0x00000007b9100000,0x00000007b9100000,0x00000007bc800000)
 ParOldGen       total 524288K, used 170815K [0x0000000790000000, 0x00000007b0000000, 0x00000007b0000000)
  object space 524288K, 32% used [0x0000000790000000,0x000000079a6cffa0,0x00000007b0000000)
 Metaspace       used 88373K, capacity 94266K, committed 94552K, reserved 1130496K
  class space    used 11291K, capacity 12829K, committed 12888K, reserved 1048576K
Event: 557.953 GC heap after
Heap after GC invocations=56 (full 3):
 PSYoungGen      total 204800K, used 39649K [0x00000007b0000000, 0x00000007c0000000, 0x00000007c0000000)
  eden space 148480K, 0% used [0x00000007b0000000,0x00000007b0000000,0x00000007b9100000)
  from space 56320K, 70% used [0x00000007b9100000,0x00000007bb7b85e0,0x00000007bc800000)
  to   space 55296K, 0% used [0x00000007bca00000,0x00000007bca00000,0x00000007c0000000)
 ParOldGen       total 524288K, used 174029K [0x0000000790000000, 0x00000007b0000000, 0x00000007b0000000)
  object space 524288K, 33% used [0x0000000790000000,0x000000079a9f35e8,0x00000007b0000000)
 Metaspace       used 88373K, capacity 94266K, committed 94552K, reserved 1130496K
  class space    used 11291K, capacity 12829K, committed 12888K, reserved 1048576K
}
Event: 593.446 GC heap before
{Heap before GC invocations=57 (full 3):
 PSYoungGen      total 204800K, used 188129K [0x00000007b0000000, 0x00000007c0000000, 0x00000007c0000000)
  eden space 148480K, 100% used [0x00000007b0000000,0x00000007b9100000,0x00000007b9100000)
  from space 56320K, 70% used [0x00000007b9100000,0x00000007bb7b85e0,0x00000007bc800000)
  to   space 55296K, 0% used [0x00000007bca00000,0x00000007bca00000,0x00000007c0000000)
 ParOldGen       total 524288K, used 174029K [0x0000000790000000, 0x00000007b0000000, 0x00000007b0000000)
  object space 524288K, 33% used [0x0000000790000000,0x000000079a9f35e8,0x00000007b0000000)
 Metaspace       used 88637K, capacity 94560K, committed 94808K, reserved 1130496K
  class space    used 11307K, capacity 12847K, committed 12888K, reserved 1048576K
Event: 594.242 GC heap after
Heap after GC invocations=57 (full 3):
 PSYoungGen      total 208384K, used 35986K [0x00000007b0000000, 0x00000007c0000000, 0x00000007c0000000)
  eden space 153088K, 0% used [0x00000007b0000000,0x00000007b0000000,0x00000007b9580000)
  from space 55296K, 65% used [0x00000007bca00000,0x00000007bed249a8,0x00000007c0000000)
  to   space 53760K, 0% used [0x00000007b9580000,0x00000007b9580000,0x00000007bca00000)
 ParOldGen       total 524288K, used 178244K [0x0000000790000000, 0x00000007b0000000, 0x00000007b0000000)
  object space 524288K, 33% used [0x0000000790000000,0x000000079ae111d8,0x00000007b0000000)
 Metaspace       used 88637K, capacity 94560K, committed 94808K, reserved 1130496K
  class space    used 11307K, capacity 12847K, committed 12888K, reserved 1048576K
}
Event: 608.817 GC heap before
{Heap before GC invocations=58 (full 3):
 PSYoungGen      total 208384K, used 189074K [0x00000007b0000000, 0x00000007c0000000, 0x00000007c0000000)
  eden space 153088K, 100% used [0x00000007b0000000,0x00000007b9580000,0x00000007b9580000)
  from space 55296K, 65% used [0x00000007bca00000,0x00000007bed249a8,0x00000007c0000000)
  to   space 53760K, 0% used [0x00000007b9580000,0x00000007b9580000,0x00000007bca00000)
 ParOldGen       total 524288K, used 178244K [0x0000000790000000, 0x00000007b0000000, 0x00000007b0000000)
  object space 524288K, 33% used [0x0000000790000000,0x000000079ae111d8,0x00000007b0000000)
 Metaspace       used 88671K, capacity 94610K, committed 94808K, reserved 1130496K
  class space    used 11316K, capacity 12859K, committed 12888K, reserved 1048576K
Event: 609.190 GC heap after
Heap after GC invocations=58 (full 3):
 PSYoungGen      total 206848K, used 25990K [0x00000007b0000000, 0x00000007c0000000, 0x00000007c0000000)
  eden space 153088K, 0% used [0x00000007b0000000,0x00000007b0000000,0x00000007b9580000)
  from space 53760K, 48% used [0x00000007b9580000,0x00000007baee19b8,0x00000007bca00000)
  to   space 54272K, 0% used [0x00000007bcb00000,0x00000007bcb00000,0x00000007c0000000)
 ParOldGen       total 524288K, used 188480K [0x0000000790000000, 0x00000007b0000000, 0x00000007b0000000)
  object space 524288K, 35% used [0x0000000790000000,0x000000079b8100d0,0x00000007b0000000)
 Metaspace       used 88671K, capacity 94610K, committed 94808K, reserved 1130496K
  class space    used 11316K, capacity 12859K, committed 12888K, reserved 1048576K
}
Event: 676.887 GC heap before
{Heap before GC invocations=59 (full 3):
 PSYoungGen      total 206848K, used 179078K [0x00000007b0000000, 0x00000007c0000000, 0x00000007c0000000)
  eden space 153088K, 100% used [0x00000007b0000000,0x00000007b9580000,0x00000007b9580000)
  from space 53760K, 48% used [0x00000007b9580000,0x00000007baee19b8,0x00000007bca00000)
  to   space 54272K, 0% used [0x00000007bcb00000,0x00000007bcb00000,0x00000007c0000000)
 ParOldGen       total 524288K, used 188480K [0x0000000790000000, 0x00000007b0000000, 0x00000007b0000000)
  object space 524288K, 35% used [0x0000000790000000,0x000000079b8100d0,0x00000007b0000000)
 Metaspace       used 90246K, capacity 96220K, committed 96472K, reserved 1132544K
  class space    used 11408K, capacity 12963K, committed 13016K, reserved 1048576K
Event: 677.871 GC heap after
Heap after GC invocations=59 (full 3):
 PSYoungGen      total 207872K, used 22497K [0x00000007b0000000, 0x00000007c0000000, 0x00000007c0000000)
  eden space 153600K, 0% used [0x00000007b0000000,0x00000007b0000000,0x00000007b9600000)
  from space 54272K, 41% used [0x00000007bcb00000,0x00000007be0f8668,0x00000007c0000000)
  to   space 54272K, 0% used [0x00000007b9600000,0x00000007b9600000,0x00000007bcb00000)
 ParOldGen       total 524288K, used 192571K [0x0000000790000000, 0x00000007b0000000, 0x00000007b0000000)
  object space 524288K, 36% used [0x0000000790000000,0x000000079bc0eda0,0x00000007b0000000)
 Metaspace       used 90246K, capacity 96220K, committed 96472K, reserved 1132544K
  class space    used 11408K, capacity 12963K, committed 13016K, reserved 1048576K
}
Event: 692.252 GC heap before
{Heap before GC invocations=60 (full 3):
 PSYoungGen      total 207872K, used 176097K [0x00000007b0000000, 0x00000007c0000000, 0x00000007c0000000)
  eden space 153600K, 100% used [0x00000007b0000000,0x00000007b9600000,0x00000007b9600000)
  from space 54272K, 41% used [0x00000007bcb00000,0x00000007be0f8668,0x00000007c0000000)
  to   space 54272K, 0% used [0x00000007b9600000,0x00000007b9600000,0x00000007bcb00000)
 ParOldGen       total 524288K, used 192571K [0x0000000790000000, 0x00000007b0000000, 0x00000007b0000000)
  object space 524288K, 36% used [0x0000000790000000,0x000000079bc0eda0,0x00000007b0000000)
 Metaspace       used 90290K, capacity 96250K, committed 96472K, reserved 1132544K
  class space    used 11411K, capacity 12968K, committed 13016K, reserved 1048576K
Event: 692.699 GC heap after
Heap after GC invocations=60 (full 3):
 PSYoungGen      total 176128K, used 22067K [0x00000007b0000000, 0x00000007c0000000, 0x00000007c0000000)
  eden space 153600K, 0% used [0x00000007b0000000,0x00000007b0000000,0x00000007b9600000)
  from space 22528K, 97% used [0x00000007b9600000,0x00000007bab8ce90,0x00000007bac00000)
  to   space 54784K, 0% used [0x00000007bca80000,0x00000007bca80000,0x00000007c0000000)
 ParOldGen       total 524288K, used 193108K [0x0000000790000000, 0x00000007b0000000, 0x00000007b0000000)
  object space 524288K, 36% used [0x0000000790000000,0x000000079bc951c8,0x00000007b0000000)
 Metaspace       used 90290K, capacity 96250K, committed 96472K, reserved 1132544K
  class space    used 11411K, capacity 12968K, committed 13016K, reserved 1048576K
}

Deoptimization events (0 events):
No events

Internal exceptions (10 events):
Event: 974.607 Thread 0x00007fe9552f6000 Exception <a 'java/lang/ArrayIndexOutOfBoundsException'> (0x00000007b83ff8f8) thrown at [/Users/java_re/workspace/8-2-build-macosx-x86_64/jdk8u92/6642/hotspot/src/share/vm/runtime/sharedRuntime.cpp, line 605]
Event: 974.607 Thread 0x00007fe9552f6000 Exception <a 'java/lang/ArrayIndexOutOfBoundsException'> (0x00000007b8402020) thrown at [/Users/java_re/workspace/8-2-build-macosx-x86_64/jdk8u92/6642/hotspot/src/share/vm/runtime/sharedRuntime.cpp, line 605]
Event: 974.608 Thread 0x00007fe9552f6000 Exception <a 'java/lang/ArrayIndexOutOfBoundsException'> (0x00000007b8404cd8) thrown at [/Users/java_re/workspace/8-2-build-macosx-x86_64/jdk8u92/6642/hotspot/src/share/vm/runtime/sharedRuntime.cpp, line 605]
Event: 974.608 Thread 0x00007fe9552f6000 Exception <a 'java/lang/ArrayIndexOutOfBoundsException'> (0x00000007b840a0d0) thrown at [/Users/java_re/workspace/8-2-build-macosx-x86_64/jdk8u92/6642/hotspot/src/share/vm/runtime/sharedRuntime.cpp, line 605]
Event: 974.609 Thread 0x00007fe9552f6000 Exception <a 'java/lang/ArrayIndexOutOfBoundsException'> (0x00000007b840df80) thrown at [/Users/java_re/workspace/8-2-build-macosx-x86_64/jdk8u92/6642/hotspot/src/share/vm/runtime/sharedRuntime.cpp, line 605]
Event: 974.610 Thread 0x00007fe9552f6000 Exception <a 'java/lang/ArrayIndexOutOfBoundsException'> (0x00000007b8415b70) thrown at [/Users/java_re/workspace/8-2-build-macosx-x86_64/jdk8u92/6642/hotspot/src/share/vm/runtime/sharedRuntime.cpp, line 605]
Event: 974.610 Thread 0x00007fe9552f6000 Exception <a 'java/lang/ArrayIndexOutOfBoundsException'> (0x00000007b841a770) thrown at [/Users/java_re/workspace/8-2-build-macosx-x86_64/jdk8u92/6642/hotspot/src/share/vm/runtime/sharedRuntime.cpp, line 605]
Event: 974.610 Thread 0x00007fe9552f6000 Exception <a 'java/lang/ArrayIndexOutOfBoundsException'> (0x00000007b841e038) thrown at [/Users/java_re/workspace/8-2-build-macosx-x86_64/jdk8u92/6642/hotspot/src/share/vm/runtime/sharedRuntime.cpp, line 605]
Event: 974.611 Thread 0x00007fe9552f6000 Exception <a 'java/lang/ArrayIndexOutOfBoundsException'> (0x00000007b8420fc0) thrown at [/Users/java_re/workspace/8-2-build-macosx-x86_64/jdk8u92/6642/hotspot/src/share/vm/runtime/sharedRuntime.cpp, line 605]
Event: 974.611 Thread 0x00007fe9552f6000 Exception <a 'java/lang/ArrayIndexOutOfBoundsException'> (0x00000007b8422a70) thrown at [/Users/java_re/workspace/8-2-build-macosx-x86_64/jdk8u92/6642/hotspot/src/share/vm/runtime/sharedRuntime.cpp, line 605]

Events (10 events):
Event: 974.106 loading class xyz/ekkor/ArticleBeanInfo
Event: 974.107 loading class xyz/ekkor/ArticleBeanInfo done
Event: 974.173 loading class xyz/ekkor/ArticleBeanInfo
Event: 974.173 loading class xyz/ekkor/ArticleBeanInfo done
Event: 974.174 loading class xyz/ekkor/ArticleCustomizer
Event: 974.174 loading class xyz/ekkor/ArticleCustomizer done
Event: 974.241 loading class xyz/ekkor/ArticleCustomizer
Event: 974.241 loading class xyz/ekkor/ArticleCustomizer done
Event: 974.297 loading class xyz/ekkor/ArticleCustomizer
Event: 974.297 loading class xyz/ekkor/ArticleCustomizer done


Dynamic libraries:
0x000000002b072000 	/System/Library/Frameworks/Cocoa.framework/Versions/A/Cocoa
0x000000002b072000 	/System/Library/Frameworks/Security.framework/Versions/A/Security
0x000000002b072000 	/System/Library/Frameworks/ApplicationServices.framework/Versions/A/ApplicationServices
0x000000002b072000 	/usr/lib/libz.1.dylib
0x000000002b072000 	/usr/lib/libSystem.B.dylib
0x000000002b072000 	/usr/lib/libobjc.A.dylib
0x000000002b072000 	/System/Library/Frameworks/CoreFoundation.framework/Versions/A/CoreFoundation
0x000000002b072000 	/System/Library/Frameworks/Foundation.framework/Versions/C/Foundation
0x000000002b072000 	/System/Library/Frameworks/AppKit.framework/Versions/C/AppKit
0x000000002b072000 	/System/Library/Frameworks/CoreData.framework/Versions/A/CoreData
0x000000002b072000 	/System/Library/PrivateFrameworks/RemoteViewServices.framework/Versions/A/RemoteViewServices
0x000000002b072000 	/System/Library/PrivateFrameworks/UIFoundation.framework/Versions/A/UIFoundation
0x000000002b072000 	/System/Library/PrivateFrameworks/DFRFoundation.framework/Versions/A/DFRFoundation
0x000000002b072000 	/System/Library/Frameworks/Metal.framework/Versions/A/Metal
0x000000002b072000 	/System/Library/PrivateFrameworks/DesktopServicesPriv.framework/Versions/A/DesktopServicesPriv
0x000000002b072000 	/usr/lib/libenergytrace.dylib
0x000000002b072000 	/System/Library/PrivateFrameworks/SkyLight.framework/Versions/A/SkyLight
0x000000002b072000 	/System/Library/Frameworks/CoreGraphics.framework/Versions/A/CoreGraphics
0x000000002b072000 	/usr/lib/libScreenReader.dylib
0x000000002b072000 	/System/Library/Frameworks/Accelerate.framework/Versions/A/Accelerate
0x000000002b072000 	/System/Library/Frameworks/IOSurface.framework/Versions/A/IOSurface
0x000000002b072000 	/System/Library/Frameworks/AudioToolbox.framework/Versions/A/AudioToolbox
0x000000002b072000 	/System/Library/Frameworks/AudioUnit.framework/Versions/A/AudioUnit
0x000000002b072000 	/System/Library/PrivateFrameworks/DataDetectorsCore.framework/Versions/A/DataDetectorsCore
0x000000002b072000 	/System/Library/Frameworks/Carbon.framework/Versions/A/Frameworks/HIToolbox.framework/Versions/A/HIToolbox
0x000000002b072000 	/usr/lib/libicucore.A.dylib
0x000000002b072000 	/System/Library/Frameworks/QuartzCore.framework/Versions/A/QuartzCore
0x000000002b072000 	/System/Library/PrivateFrameworks/SignpostNotification.framework/Versions/A/SignpostNotification
0x000000002b072000 	/System/Library/Frameworks/Carbon.framework/Versions/A/Frameworks/SpeechRecognition.framework/Versions/A/SpeechRecognition
0x000000002b072000 	/usr/lib/libauto.dylib
0x000000002b072000 	/usr/lib/libxml2.2.dylib
0x000000002b072000 	/System/Library/PrivateFrameworks/CoreUI.framework/Versions/A/CoreUI
0x000000002b072000 	/System/Library/Frameworks/CoreAudio.framework/Versions/A/CoreAudio
0x000000002b072000 	/System/Library/Frameworks/DiskArbitration.framework/Versions/A/DiskArbitration
0x000000002b072000 	/usr/lib/liblangid.dylib
0x000000002b072000 	/System/Library/PrivateFrameworks/MultitouchSupport.framework/Versions/A/MultitouchSupport
0x000000002b072000 	/System/Library/Frameworks/IOKit.framework/Versions/A/IOKit
0x000000002b072000 	/usr/lib/libDiagnosticMessagesClient.dylib
0x000000002b072000 	/System/Library/Frameworks/CoreServices.framework/Versions/A/CoreServices
0x000000002b072000 	/System/Library/PrivateFrameworks/PerformanceAnalysis.framework/Versions/A/PerformanceAnalysis
0x000000002b072000 	/System/Library/Frameworks/OpenGL.framework/Versions/A/OpenGL
0x000000002b072000 	/System/Library/Frameworks/ColorSync.framework/Versions/A/ColorSync
0x000000002b072000 	/System/Library/Frameworks/CoreImage.framework/Versions/A/CoreImage
0x000000002b072000 	/System/Library/Frameworks/CoreText.framework/Versions/A/CoreText
0x000000002b072000 	/System/Library/Frameworks/ImageIO.framework/Versions/A/ImageIO
0x000000002b072000 	/System/Library/PrivateFrameworks/Backup.framework/Versions/A/Backup
0x000000002b072000 	/usr/lib/libarchive.2.dylib
0x000000002b072000 	/System/Library/Frameworks/CFNetwork.framework/Versions/A/CFNetwork
0x000000002b072000 	/System/Library/Frameworks/SystemConfiguration.framework/Versions/A/SystemConfiguration
0x000000002b072000 	/usr/lib/libCRFSuite.dylib
0x000000002b072000 	/usr/lib/libc++.1.dylib
0x000000002b072000 	/usr/lib/libc++abi.dylib
0x000000002b072000 	/usr/lib/system/libcache.dylib
0x000000002b072000 	/usr/lib/system/libcommonCrypto.dylib
0x000000002b072000 	/usr/lib/system/libcompiler_rt.dylib
0x000000002b072000 	/usr/lib/system/libcopyfile.dylib
0x000000002b072000 	/usr/lib/system/libcorecrypto.dylib
0x000000002b072000 	/usr/lib/system/libdispatch.dylib
0x000000002b072000 	/usr/lib/system/libdyld.dylib
0x000000002b072000 	/usr/lib/system/libkeymgr.dylib
0x000000002b072000 	/usr/lib/system/liblaunch.dylib
0x000000002b072000 	/usr/lib/system/libmacho.dylib
0x000000002b072000 	/usr/lib/system/libquarantine.dylib
0x000000002b072000 	/usr/lib/system/libremovefile.dylib
0x000000002b072000 	/usr/lib/system/libsystem_asl.dylib
0x000000002b072000 	/usr/lib/system/libsystem_blocks.dylib
0x000000002b072000 	/usr/lib/system/libsystem_c.dylib
0x000000002b072000 	/usr/lib/system/libsystem_configuration.dylib
0x000000002b072000 	/usr/lib/system/libsystem_coreservices.dylib
0x000000002b072000 	/usr/lib/system/libsystem_darwin.dylib
0x000000002b072000 	/usr/lib/system/libsystem_dnssd.dylib
0x000000002b072000 	/usr/lib/system/libsystem_info.dylib
0x000000002b072000 	/usr/lib/system/libsystem_m.dylib
0x000000002b072000 	/usr/lib/system/libsystem_malloc.dylib
0x000000002b072000 	/usr/lib/system/libsystem_network.dylib
0x000000002b072000 	/usr/lib/system/libsystem_networkextension.dylib
0x000000002b072000 	/usr/lib/system/libsystem_notify.dylib
0x000000002b072000 	/usr/lib/system/libsystem_sandbox.dylib
0x000000002b072000 	/usr/lib/system/libsystem_secinit.dylib
0x000000002b072000 	/usr/lib/system/libsystem_kernel.dylib
0x000000002b072000 	/usr/lib/system/libsystem_platform.dylib
0x000000002b072000 	/usr/lib/system/libsystem_pthread.dylib
0x000000002b072000 	/usr/lib/system/libsystem_symptoms.dylib
0x000000002b072000 	/usr/lib/system/libsystem_trace.dylib
0x000000002b072000 	/usr/lib/system/libunwind.dylib
0x000000002b072000 	/usr/lib/system/libxpc.dylib
0x000000002b072000 	/usr/lib/closure/libclosured.dylib
0x000000002b072000 	/usr/lib/libbsm.0.dylib
0x000000002b072000 	/usr/lib/system/libkxld.dylib
0x000000002b072000 	/usr/lib/libOpenScriptingUtil.dylib
0x000000002b072000 	/usr/lib/libcoretls.dylib
0x000000002b072000 	/usr/lib/libcoretls_cfhelpers.dylib
0x000000002b072000 	/usr/lib/libpam.2.dylib
0x000000002b072000 	/usr/lib/libsqlite3.dylib
0x000000002b072000 	/usr/lib/libxar.1.dylib
0x000000002b072000 	/usr/lib/libbz2.1.0.dylib
0x000000002b072000 	/usr/lib/liblzma.5.dylib
0x000000002b072000 	/usr/lib/libnetwork.dylib
0x000000002b072000 	/usr/lib/libapple_nghttp2.dylib
0x000000002b072000 	/usr/lib/libpcap.A.dylib
0x000000002b072000 	/usr/lib/libboringssl.dylib
0x000000002b072000 	/usr/lib/libusrtcp.dylib
0x000000002b072000 	/usr/lib/libapple_crypto.dylib
0x000000002b072000 	/System/Library/Frameworks/CoreServices.framework/Versions/A/Frameworks/FSEvents.framework/Versions/A/FSEvents
0x000000002b072000 	/System/Library/Frameworks/CoreServices.framework/Versions/A/Frameworks/CarbonCore.framework/Versions/A/CarbonCore
0x000000002b072000 	/System/Library/Frameworks/CoreServices.framework/Versions/A/Frameworks/Metadata.framework/Versions/A/Metadata
0x000000002b072000 	/System/Library/Frameworks/CoreServices.framework/Versions/A/Frameworks/OSServices.framework/Versions/A/OSServices
0x000000002b072000 	/System/Library/Frameworks/CoreServices.framework/Versions/A/Frameworks/SearchKit.framework/Versions/A/SearchKit
0x000000002b072000 	/System/Library/Frameworks/CoreServices.framework/Versions/A/Frameworks/AE.framework/Versions/A/AE
0x000000002b072000 	/System/Library/Frameworks/CoreServices.framework/Versions/A/Frameworks/LaunchServices.framework/Versions/A/LaunchServices
0x000000002b072000 	/System/Library/Frameworks/CoreServices.framework/Versions/A/Frameworks/DictionaryServices.framework/Versions/A/DictionaryServices
0x000000002b072000 	/System/Library/Frameworks/CoreServices.framework/Versions/A/Frameworks/SharedFileList.framework/Versions/A/SharedFileList
0x000000002b072000 	/System/Library/Frameworks/NetFS.framework/Versions/A/NetFS
0x000000002b072000 	/System/Library/PrivateFrameworks/NetAuth.framework/Versions/A/NetAuth
0x000000002b072000 	/System/Library/PrivateFrameworks/login.framework/Versions/A/Frameworks/loginsupport.framework/Versions/A/loginsupport
0x000000002b072000 	/System/Library/PrivateFrameworks/TCC.framework/Versions/A/TCC
0x000000002b072000 	/usr/lib/libmecabra.dylib
0x000000002b072000 	/System/Library/Frameworks/ApplicationServices.framework/Versions/A/Frameworks/ATS.framework/Versions/A/ATS
0x000000002b072000 	/System/Library/Frameworks/ApplicationServices.framework/Versions/A/Frameworks/ColorSyncLegacy.framework/Versions/A/ColorSyncLegacy
0x000000002b072000 	/System/Library/Frameworks/ApplicationServices.framework/Versions/A/Frameworks/HIServices.framework/Versions/A/HIServices
0x000000002b072000 	/System/Library/Frameworks/ApplicationServices.framework/Versions/A/Frameworks/LangAnalysis.framework/Versions/A/LangAnalysis
0x000000002b072000 	/System/Library/Frameworks/ApplicationServices.framework/Versions/A/Frameworks/PrintCore.framework/Versions/A/PrintCore
0x000000002b072000 	/System/Library/Frameworks/ApplicationServices.framework/Versions/A/Frameworks/QD.framework/Versions/A/QD
0x000000002b072000 	/System/Library/Frameworks/ApplicationServices.framework/Versions/A/Frameworks/SpeechSynthesis.framework/Versions/A/SpeechSynthesis
0x000000002b072000 	/System/Library/Frameworks/CoreDisplay.framework/Versions/A/CoreDisplay
0x000000002b072000 	/System/Library/Frameworks/Accelerate.framework/Versions/A/Frameworks/vImage.framework/Versions/A/vImage
0x000000002b072000 	/System/Library/Frameworks/Accelerate.framework/Versions/A/Frameworks/vecLib.framework/Versions/A/vecLib
0x000000002b072000 	/System/Library/Frameworks/Accelerate.framework/Versions/A/Frameworks/vecLib.framework/Versions/A/libvDSP.dylib
0x000000002b072000 	/System/Library/Frameworks/Accelerate.framework/Versions/A/Frameworks/vecLib.framework/Versions/A/libBNNS.dylib
0x000000002b072000 	/System/Library/Frameworks/Accelerate.framework/Versions/A/Frameworks/vecLib.framework/Versions/A/libQuadrature.dylib
0x000000002b072000 	/System/Library/Frameworks/Accelerate.framework/Versions/A/Frameworks/vecLib.framework/Versions/A/libvMisc.dylib
0x000000002b072000 	/System/Library/Frameworks/Accelerate.framework/Versions/A/Frameworks/vecLib.framework/Versions/A/libLAPACK.dylib
0x000000002b072000 	/System/Library/Frameworks/Accelerate.framework/Versions/A/Frameworks/vecLib.framework/Versions/A/libBLAS.dylib
0x000000002b072000 	/System/Library/Frameworks/Accelerate.framework/Versions/A/Frameworks/vecLib.framework/Versions/A/libLinearAlgebra.dylib
0x000000002b072000 	/System/Library/Frameworks/Accelerate.framework/Versions/A/Frameworks/vecLib.framework/Versions/A/libSparse.dylib
0x000000002b072000 	/System/Library/Frameworks/Accelerate.framework/Versions/A/Frameworks/vecLib.framework/Versions/A/libSparseBLAS.dylib
0x000000002b072000 	/System/Library/PrivateFrameworks/GPUWrangler.framework/Versions/A/GPUWrangler
0x000000002b072000 	/System/Library/PrivateFrameworks/IOAccelerator.framework/Versions/A/IOAccelerator
0x000000002b072000 	/System/Library/PrivateFrameworks/IOPresentment.framework/Versions/A/IOPresentment
0x000000002b072000 	/System/Library/PrivateFrameworks/DSExternalDisplay.framework/Versions/A/DSExternalDisplay
0x000000002b072000 	/System/Library/Frameworks/OpenGL.framework/Versions/A/Libraries/libCoreFSCache.dylib
0x000000002b072000 	/System/Library/Frameworks/CoreVideo.framework/Versions/A/CoreVideo
0x000000002b072000 	/System/Library/PrivateFrameworks/GraphVisualizer.framework/Versions/A/GraphVisualizer
0x000000002b072000 	/System/Library/Frameworks/MetalPerformanceShaders.framework/Versions/A/MetalPerformanceShaders
0x000000002b072000 	/usr/lib/libFosl_dynamic.dylib
0x000000002b072000 	/System/Library/PrivateFrameworks/FaceCore.framework/Versions/A/FaceCore
0x000000002b072000 	/System/Library/Frameworks/OpenCL.framework/Versions/A/OpenCL
0x000000002b072000 	/usr/lib/libcompression.dylib
0x000000002b072000 	/System/Library/Frameworks/ApplicationServices.framework/Versions/A/Frameworks/ATS.framework/Versions/A/Resources/libFontParser.dylib
0x000000002b072000 	/System/Library/Frameworks/ApplicationServices.framework/Versions/A/Frameworks/ATS.framework/Versions/A/Resources/libFontRegistry.dylib
0x000000002b072000 	/System/Library/Frameworks/ImageIO.framework/Versions/A/Resources/libJPEG.dylib
0x000000002b072000 	/System/Library/Frameworks/ImageIO.framework/Versions/A/Resources/libTIFF.dylib
0x000000002b072000 	/System/Library/Frameworks/ImageIO.framework/Versions/A/Resources/libPng.dylib
0x000000002b072000 	/System/Library/Frameworks/ImageIO.framework/Versions/A/Resources/libGIF.dylib
0x000000002b072000 	/System/Library/Frameworks/ImageIO.framework/Versions/A/Resources/libJP2.dylib
0x000000002b072000 	/System/Library/Frameworks/ImageIO.framework/Versions/A/Resources/libRadiance.dylib
0x000000002b072000 	/System/Library/PrivateFrameworks/AppleJPEG.framework/Versions/A/AppleJPEG
0x000000002b072000 	/System/Library/Frameworks/MetalPerformanceShaders.framework/Frameworks/MPSCore.framework/Versions/A/MPSCore
0x000000002b072000 	/System/Library/Frameworks/MetalPerformanceShaders.framework/Frameworks/MPSImage.framework/Versions/A/MPSImage
0x000000002b072000 	/System/Library/Frameworks/MetalPerformanceShaders.framework/Frameworks/MPSNeuralNetwork.framework/Versions/A/MPSNeuralNetwork
0x000000002b072000 	/System/Library/Frameworks/MetalPerformanceShaders.framework/Frameworks/MPSMatrix.framework/Versions/A/MPSMatrix
0x000000002b072000 	/System/Library/PrivateFrameworks/MetalTools.framework/Versions/A/MetalTools
0x000000002b072000 	/System/Library/Frameworks/OpenGL.framework/Versions/A/Libraries/libGLU.dylib
0x000000002b072000 	/System/Library/Frameworks/OpenGL.framework/Versions/A/Libraries/libGFXShared.dylib
0x000000002b072000 	/System/Library/Frameworks/OpenGL.framework/Versions/A/Libraries/libGL.dylib
0x000000002b072000 	/System/Library/Frameworks/OpenGL.framework/Versions/A/Libraries/libGLImage.dylib
0x000000002b072000 	/System/Library/Frameworks/OpenGL.framework/Versions/A/Libraries/libCVMSPluginSupport.dylib
0x000000002b072000 	/System/Library/Frameworks/OpenGL.framework/Versions/A/Libraries/libCoreVMClient.dylib
0x000000002b072000 	/usr/lib/libcups.2.dylib
0x000000002b072000 	/System/Library/Frameworks/Kerberos.framework/Versions/A/Kerberos
0x000000002b072000 	/System/Library/Frameworks/GSS.framework/Versions/A/GSS
0x000000002b072000 	/usr/lib/libresolv.9.dylib
0x000000002b072000 	/usr/lib/libiconv.2.dylib
0x000000002b072000 	/System/Library/PrivateFrameworks/Heimdal.framework/Versions/A/Heimdal
0x000000002b072000 	/usr/lib/libheimdal-asn1.dylib
0x000000002b072000 	/System/Library/Frameworks/OpenDirectory.framework/Versions/A/OpenDirectory
0x000000002b072000 	/System/Library/PrivateFrameworks/CommonAuth.framework/Versions/A/CommonAuth
0x000000002b072000 	/System/Library/Frameworks/OpenDirectory.framework/Versions/A/Frameworks/CFOpenDirectory.framework/Versions/A/CFOpenDirectory
0x000000002b072000 	/System/Library/Frameworks/SecurityFoundation.framework/Versions/A/SecurityFoundation
0x000000002b072000 	/System/Library/PrivateFrameworks/APFS.framework/Versions/A/APFS
0x000000002b072000 	/usr/lib/libutil.dylib
0x000000002b072000 	/System/Library/PrivateFrameworks/AppleSauce.framework/Versions/A/AppleSauce
0x000000002b072000 	/System/Library/PrivateFrameworks/LinguisticData.framework/Versions/A/LinguisticData
0x000000002b072000 	/usr/lib/libmarisa.dylib
0x000000002b072000 	/System/Library/PrivateFrameworks/Lexicon.framework/Versions/A/Lexicon
0x000000002b072000 	/usr/lib/libChineseTokenizer.dylib
0x000000002b072000 	/usr/lib/libcmph.dylib
0x000000002b072000 	/System/Library/PrivateFrameworks/LanguageModeling.framework/Versions/A/LanguageModeling
0x000000002b072000 	/System/Library/PrivateFrameworks/CoreEmoji.framework/Versions/A/CoreEmoji
0x000000002b072000 	/System/Library/Frameworks/ServiceManagement.framework/Versions/A/ServiceManagement
0x000000002b072000 	/System/Library/PrivateFrameworks/BackgroundTaskManagement.framework/Versions/A/BackgroundTaskManagement
0x000000002b072000 	/usr/lib/libxslt.1.dylib
0x000000002b072000 	/System/Library/Frameworks/Carbon.framework/Versions/A/Frameworks/Ink.framework/Versions/A/Ink
0x000000002b072000 	/System/Library/PrivateFrameworks/TextureIO.framework/Versions/A/TextureIO
0x000000002b072000 	/usr/lib/libate.dylib
0x000000002b072000 	/System/Library/PrivateFrameworks/CrashReporterSupport.framework/Versions/A/CrashReporterSupport
0x000000002b072000 	/System/Library/PrivateFrameworks/Sharing.framework/Versions/A/Sharing
0x000000002b072000 	/System/Library/PrivateFrameworks/IconServices.framework/Versions/A/IconServices
0x000000002b072000 	/System/Library/PrivateFrameworks/AuthKit.framework/Versions/A/AuthKit
0x000000002b072000 	/System/Library/PrivateFrameworks/Apple80211.framework/Versions/A/Apple80211
0x000000002b072000 	/System/Library/PrivateFrameworks/CoreUtils.framework/Versions/A/CoreUtils
0x000000002b072000 	/System/Library/Frameworks/CoreWLAN.framework/Versions/A/CoreWLAN
0x000000002b072000 	/System/Library/Frameworks/IOBluetooth.framework/Versions/A/IOBluetooth
0x000000002b072000 	/System/Library/PrivateFrameworks/ProtocolBuffer.framework/Versions/A/ProtocolBuffer
0x000000002b072000 	/System/Library/PrivateFrameworks/MobileKeyBag.framework/Versions/A/MobileKeyBag
0x000000002b072000 	/System/Library/PrivateFrameworks/CorePhoneNumbers.framework/Versions/A/CorePhoneNumbers
0x000000002b072000 	/System/Library/PrivateFrameworks/AppleIDAuthSupport.framework/Versions/A/AppleIDAuthSupport
0x000000002b072000 	/System/Library/PrivateFrameworks/KeychainCircle.framework/Versions/A/KeychainCircle
0x000000002b072000 	/System/Library/PrivateFrameworks/CoreWiFi.framework/Versions/A/CoreWiFi
0x000000002b072000 	/System/Library/Frameworks/CoreBluetooth.framework/Versions/A/CoreBluetooth
0x000000002b072000 	/System/Library/PrivateFrameworks/DebugSymbols.framework/Versions/A/DebugSymbols
0x000000002b072000 	/System/Library/PrivateFrameworks/CoreSymbolication.framework/Versions/A/CoreSymbolication
0x000000002b072000 	/System/Library/PrivateFrameworks/Symbolication.framework/Versions/A/Symbolication
0x000000002b072000 	/System/Library/PrivateFrameworks/AppleFSCompression.framework/Versions/A/AppleFSCompression
0x000000002b072000 	/System/Library/PrivateFrameworks/SpeechRecognitionCore.framework/Versions/A/SpeechRecognitionCore
0x000000002b072000 	/System/Library/CoreServices/Encodings/libKoreanConverter.dylib
0x0000000106200000 	/Library/Java/JavaVirtualMachines/jdk1.8.0_92.jdk/Contents/Home/jre/lib/server/libjvm.dylib
0x000000002b072000 	/usr/lib/libstdc++.6.0.9.dylib
0x0000000105c80000 	/Library/Java/JavaVirtualMachines/jdk1.8.0_92.jdk/Contents/Home/jre/lib/libverify.dylib
0x0000000105c8e000 	/Library/Java/JavaVirtualMachines/jdk1.8.0_92.jdk/Contents/Home/jre/lib/libjava.dylib
0x0000000105cc4000 	/Library/Java/JavaVirtualMachines/jdk1.8.0_92.jdk/Contents/Home/jre/lib/libinstrument.dylib
0x0000000105d62000 	/Library/Java/JavaVirtualMachines/jdk1.8.0_92.jdk/Contents/Home/jre/lib/libzip.dylib
0x000000002b072000 	/System/Library/Frameworks/JavaVM.framework/Versions/A/Frameworks/JavaRuntimeSupport.framework/Versions/A/JavaRuntimeSupport
0x000000002b072000 	/System/Library/Frameworks/JavaVM.framework/Versions/A/Frameworks/JavaNativeFoundation.framework/Versions/A/JavaNativeFoundation
0x000000002b072000 	/System/Library/Frameworks/JavaVM.framework/Versions/A/JavaVM
0x000000002b072000 	/System/Library/Frameworks/Carbon.framework/Versions/A/Carbon
0x000000002b072000 	/System/Library/PrivateFrameworks/JavaLaunching.framework/Versions/A/JavaLaunching
0x000000002b072000 	/System/Library/Frameworks/Carbon.framework/Versions/A/Frameworks/CommonPanels.framework/Versions/A/CommonPanels
0x000000002b072000 	/System/Library/Frameworks/Carbon.framework/Versions/A/Frameworks/Help.framework/Versions/A/Help
0x000000002b072000 	/System/Library/Frameworks/Carbon.framework/Versions/A/Frameworks/ImageCapture.framework/Versions/A/ImageCapture
0x000000002b072000 	/System/Library/Frameworks/Carbon.framework/Versions/A/Frameworks/OpenScripting.framework/Versions/A/OpenScripting
0x000000002b072000 	/System/Library/Frameworks/Carbon.framework/Versions/A/Frameworks/Print.framework/Versions/A/Print
0x000000002b072000 	/System/Library/Frameworks/Carbon.framework/Versions/A/Frameworks/SecurityHI.framework/Versions/A/SecurityHI
0x000000010c827000 	/Library/Java/JavaVirtualMachines/jdk1.8.0_92.jdk/Contents/Home/jre/lib/libnet.dylib
0x000000010d0ac000 	/Library/Java/JavaVirtualMachines/jdk1.8.0_92.jdk/Contents/Home/jre/lib/libmanagement.dylib
0x000000010d6be000 	/Library/Java/JavaVirtualMachines/jdk1.8.0_92.jdk/Contents/Home/jre/lib/libnio.dylib

VM Arguments:
jvm_args: -Dendpoints.shutdown.enabled=true -Denv=development -Dfull.stacktrace=false -Dgrails.env=development -Dgrails.full.stacktrace=false -Dinfo.app.grailsVersion=3.3.8 -Dinfo.app.name=xyz-ekkor -Dinfo.app.version=0.1 -Djdk.reflect.allowGetCallerClass=true -Drun.active=true -Dspring.output.ansi.enabled=always -Dspring.profiles.active -Dspringloaded=inclusions=grails.plugins..*;synchronize=true;allowSplitPackages=true;cacheDir=/Users/eunsebi/IdeaProjects/xyz.ekkor/build/springloaded -Dverbose=false -XX:+TieredCompilation -XX:TieredStopAtLevel=1 -XX:CICompilerCount=3 -javaagent:/Users/eunsebi/.gradle/caches/modules-2/files-2.1/org.springframework/springloaded/1.2.8.RELEASE/b60bac05b0451cdc1863bfec617f39aa0dcaaa43/springloaded-1.2.8.RELEASE.jar -Xverify:none -Xms768m -Xmx768m -Dfile.encoding=UTF-8 -Duser.country=KR -Duser.language=ko -Duser.variant 
java_command: xyz.ekkor.Application
java_class_path (initial): /Users/eunsebi/IdeaProjects/xyz.ekkor/src/main/resources:/Users/eunsebi/IdeaProjects/xyz.ekkor/grails-app/views:/Users/eunsebi/IdeaProjects/xyz.ekkor/grails-app/i18n:/Users/eunsebi/IdeaProjects/xyz.ekkor/grails-app/conf:/Users/eunsebi/IdeaProjects/xyz.ekkor/build/classes/main:/Users/eunsebi/IdeaProjects/xyz.ekkor/build/resources/main:/Users/eunsebi/IdeaProjects/xyz.ekkor/gsp-classes:/Users/eunsebi/.gradle/caches/modules-2/files-2.1/org.springframework.boot/spring-boot-starter-logging/1.5.15.RELEASE/3a0d1b63705bb75ac54884c6c169b1e1908f1375/spring-boot-starter-logging-1.5.15.RELEASE.jar:/Users/eunsebi/.gradle/caches/modules-2/files-2.1/org.springframework.boot/spring-boot-autoconfigure/1.5.15.RELEASE/9cb093e335fc58e61581edcb959813b62731ef8e/spring-boot-autoconfigure-1.5.15.RELEASE.jar:/Users/eunsebi/.gradle/caches/modules-2/files-2.1/org.grails/grails-core/3.3.8/d535a1f07ed1a1ce388bc18c8b63a3f3abd1aeee/grails-core-3.3.8.jar:/Users/eunsebi/.gradle/caches/modules-2/files-2.1/org.springframework.boot/spring-boot-starter-actuator/1.5.15.RELEASE/2f2e793c6c4592d99e58cf0668d1fcf2a84247f2/spring-boot-starter-actuator-1.5.15.RELEASE.jar:/Users/eunsebi/.gradle/caches/modules-2/files-2.1/org.springframework.boot/spring-boot-starter-tomcat/1.5.15.RELEASE/4e1bf3cd8480137b32c61d6f0fb54a4b81406a80/spring-boot-starter-tomcat-1.5.15.RELEASE.jar:/Users/eunsebi/.gradle/caches/modules-2/files-2.1/org.grails/grails-web-boot/3.3.8/173becb00d5a1d7cb1f1a44533d9ca8efd9843a/grails-web-boot-3.3.8.jar:/Users/eunsebi/.gradle/caches/modules-2/files-2.1/org.grails/grails-logging/3.3.8/2c8647c42d85b7708d239ba3b2c2b422514f4fe9/grails-logging-3.3.8.jar:/Users/eunsebi/.gradle/caches/modules-2/files-2.1/org.grails/grails-plugin-rest/3.3.8/8c6bc7985e3941e60336443e9f833b29ec573451/grails-plugin-rest-3.3.8.jar:/Users/eunsebi/.gradle/caches/modules-2/files-2.1/org.grails/grails-plugin-databinding/3.3.8/5dfc9e914c81c413ebf432e1c5459794ce673291/grails-plugin-databinding-3.3.8.jar:
Launcher Type: SUN_STANDARD

Environment Variables:
JAVA_HOME=/Library/Java/JavaVirtualMachines/jdk1.8.0_92.jdk/Contents/Home
PATH=/usr/local/opt/openssl/bin:/Users/eunsebi/.sdkman/candidates/grails/current/bin:/usr/local/bin:/usr/bin:/bin:/usr/sbin:/sbin
SHELL=/bin/bash

Signal Handlers:
SIGSEGV: [libjvm.dylib+0x5aa779], sa_mask[0]=11111111011111110111111111111111, sa_flags=SA_ONSTACK|SA_RESTART|SA_SIGINFO
SIGBUS: [libjvm.dylib+0x5aa779], sa_mask[0]=11111111011111110111111111111111, sa_flags=SA_RESTART|SA_SIGINFO
SIGFPE: [libjvm.dylib+0x4831d0], sa_mask[0]=11111111011111110111111111111111, sa_flags=SA_RESTART|SA_SIGINFO
SIGPIPE: [libjvm.dylib+0x4831d0], sa_mask[0]=11111111011111110111111111111111, sa_flags=SA_RESTART|SA_SIGINFO
SIGXFSZ: [libjvm.dylib+0x4831d0], sa_mask[0]=11111111011111110111111111111111, sa_flags=SA_RESTART|SA_SIGINFO
SIGILL: [libjvm.dylib+0x4831d0], sa_mask[0]=11111111011111110111111111111111, sa_flags=SA_RESTART|SA_SIGINFO
SIGUSR1: SIG_DFL, sa_mask[0]=00000000000000000000000000000000, sa_flags=none
SIGUSR2: [libjvm.dylib+0x482cee], sa_mask[0]=00100000000000000000000000000000, sa_flags=SA_RESTART|SA_SIGINFO
SIGHUP: [libjvm.dylib+0x4812c5], sa_mask[0]=11111111011111110111111111111111, sa_flags=SA_RESTART|SA_SIGINFO
SIGINT: [libjvm.dylib+0x4812c5], sa_mask[0]=11111111011111110111111111111111, sa_flags=SA_RESTART|SA_SIGINFO
SIGTERM: [libjvm.dylib+0x4812c5], sa_mask[0]=11111111011111110111111111111111, sa_flags=SA_RESTART|SA_SIGINFO
SIGQUIT: [libjvm.dylib+0x4812c5], sa_mask[0]=11111111011111110111111111111111, sa_flags=SA_RESTART|SA_SIGINFO


---------------  S Y S T E M  ---------------

OS:Bsduname:Darwin 17.7.0 Darwin Kernel Version 17.7.0: Wed Apr 24 21:17:24 PDT 2019; root:xnu-4570.71.45~1/RELEASE_X86_64 x86_64
rlimit: STACK 8192k, CORE 0k, NPROC 709, NOFILE 10240, AS infinity
load average:184.62 62.07 28.30

CPU:total 2 (2 cores per cpu, 1 threads per core) family 6 model 23 stepping 10, cmov, cx8, fxsr, mmx, sse, sse2, sse3, ssse3, sse4.1, tsc

Memory: 4k page, physical 4194304k(18328k free)

/proc/meminfo:


vm_info: Java HotSpot(TM) 64-Bit Server VM (25.92-b14) for bsd-amd64 JRE (1.8.0_92-b14), built on Mar 31 2016 21:23:14 by "java_re" with gcc 4.2.1 (Based on Apple Inc. build 5658) (LLVM build 2336.11.00)

time: Mon Jun 17 17:02:41 2019
elapsed time: 979 seconds (0d 0h 16m 19s)

